<?xml version="1.0" encoding="UTF-8"?>
<testsuite xmlns:xsi="http://www.w3.org/2001/XMLSchema-instance" xsi:noNamespaceSchemaLocation="https://maven.apache.org/surefire/maven-surefire-plugin/xsd/surefire-test-report.xsd" name="com.jxl.ai.intelliconf.mail.application.ConferenceMailServiceImplTest" time="0.103" tests="4" errors="0" skipped="0" failures="0">
  <properties>
[...]
</properties>
  <testcase name="sendTemplateMailCreatesOneLogForEachRecipient" classname="com.jxl.ai.intelliconf.mail.application.ConferenceMailServiceImplTest" time="0.091"/>
  <testcase name="bindTencentExmailIgnoresFrontendHostAndPort" classname="com.jxl.ai.intelliconf.mail.application.ConferenceMailServiceImplTest" time="0.005"/>
  <testcase name="invalidProviderTypeThrowsClearError" classname="com.jxl.ai.intelliconf.mail.application.ConferenceMailServiceImplTest" time="0.003"/>
  <testcase name="mailAccountResponseDoesNotExposePasswordFields" classname="com.jxl.ai.intelliconf.mail.application.ConferenceMailServiceImplTest" time="0.003"/>
</testsuite>